开始执行全市场右侧交易扫描 - 2026-02-27 13:44:22
K线缓存：开启（dir=kline_cache, date=20260227, offline=False）
  0%|          | 0/15 [00:00<?, ?it/s]  7%|▋         | 1/15 [00:00<00:04,  3.40it/s] 13%|█▎        | 2/15 [00:00<00:03,  3.45it/s] 20%|██        | 3/15 [00:00<00:03,  3.68it/s] 27%|██▋       | 4/15 [00:01<00:02,  3.72it/s] 33%|███▎      | 5/15 [00:01<00:02,  3.73it/s] 40%|████      | 6/15 [00:01<00:02,  3.64it/s] 47%|████▋     | 7/15 [00:01<00:02,  3.62it/s] 53%|█████▎    | 8/15 [00:02<00:01,  3.66it/s] 60%|██████    | 9/15 [00:02<00:01,  3.61it/s] 67%|██████▋   | 10/15 [00:02<00:01,  3.53it/s] 73%|███████▎  | 11/15 [00:03<00:01,  3.56it/s] 80%|████████  | 12/15 [00:03<00:00,  3.55it/s] 87%|████████▋ | 13/15 [00:03<00:00,  3.61it/s] 93%|█████████▎| 14/15 [00:03<00:00,  3.66it/s]100%|██████████| 15/15 [00:04<00:00,  3.69it/s]                                               STEP 1：获取到全市场股票 5485 只
实际进入扫描股票数：600（max_stocks=600）
处理 [1/600] SZ000001 平安银行
处理 [2/600] SZ000002 万  科Ａ
处理 [3/600] SZ000004 *ST国华
处理 [4/600] SZ000006 深振业Ａ
处理 [5/600] SZ000007 全新好
处理 [6/600] SZ000008 神州高铁
处理 [7/600] SZ000009 中国宝安
处理 [8/600] SZ000010 美丽生态
处理 [9/600] SZ000011 深物业A
处理 [10/600] SZ000012 南  玻Ａ
处理 [11/600] SZ000014 沙河股份
处理 [12/600] SZ000016 深康佳Ａ
处理 [13/600] SZ000017 深中华A
处理 [14/600] SZ000019 深粮控股
处理 [15/600] SZ000020 深华发Ａ
处理 [16/600] SZ000021 深科技
处理 [17/600] SZ000025 特  力Ａ
处理 [18/600] SZ000026 飞亚达
处理 [19/600] SZ000027 深圳能源
处理 [20/600] SZ000028 国药一致
处理 [21/600] SZ000029 深深房Ａ
处理 [22/600] SZ000030 富奥股份
处理 [23/600] SZ000031 大悦城
处理 [24/600] SZ000032 深桑达Ａ
处理 [25/600] SZ000034 神州数码
处理 [26/600] SZ000035 中国天楹
处理 [27/600] SZ000036 华联控股
处理 [28/600] SZ000037 深南电A
处理 [29/600] SZ000039 中集集团
处理 [30/600] SZ000042 中洲控股
处理 [31/600] SZ000045 深纺织Ａ
处理 [32/600] SZ000048 京基智农
处理 [33/600] SZ000049 德赛电池
处理 [34/600] SZ000050 深天马Ａ
处理 [35/600] SZ000055 方大集团
处理 [36/600] SZ000056 皇庭国际
处理 [37/600] SZ000058 深 赛 格
处理 [38/600] SZ000059 华锦股份
处理 [39/600] SZ000060 中金岭南
处理 [40/600] SZ000061 农 产 品
处理 [41/600] SZ000062 深圳华强
处理 [42/600] SZ000063 中兴通讯
处理 [43/600] SZ000065 北方国际
处理 [44/600] SZ000066 中国长城
处理 [45/600] SZ000068 华控赛格
处理 [46/600] SZ000069 华侨城Ａ
处理 [47/600] SZ000070 特发信息
处理 [48/600] SZ000078 海王生物
处理 [49/600] SZ000088 盐 田 港
处理 [50/600] SZ000089 深圳机场
处理 [51/600] SZ000090 天健集团
处理 [52/600] SZ000096 广聚能源
处理 [53/600] SZ000099 中信海直
处理 [54/600] SZ000100 TCL科技
处理 [55/600] SZ000151 中成股份
处理 [56/600] SZ000153 丰原药业
处理 [57/600] SZ000155 川能动力
处理 [58/600] SZ000156 华数传媒
处理 [59/600] SZ000157 中联重科
处理 [60/600] SZ000158 常山北明
处理 [61/600] SZ000159 国际实业
处理 [62/600] SZ000166 申万宏源
处理 [63/600] SZ000301 东方盛虹
处理 [64/600] SZ000333 美的集团
处理 [65/600] SZ000338 潍柴动力
DEBUG 启动条件不满足: 昨日收盘=29.22 < 昨日MA20=25.22? False, 今日收盘=27.99 > 今日MA5=28.32? False
处理 [66/600] SZ000400 许继电气
处理 [67/600] SZ000401 金隅冀东
处理 [68/600] SZ000402 金 融 街
处理 [69/600] SZ000403 派林生物
处理 [70/600] SZ000404 长虹华意
处理 [71/600] SZ000407 胜利股份
处理 [72/600] SZ000408 藏格矿业
处理 [73/600] SZ000409 云鼎科技
处理 [74/600] SZ000410 沈阳机床
处理 [75/600] SZ000411 英特集团
处理 [76/600] SZ000415 渤海租赁
处理 [77/600] SZ000417 合百集团
处理 [78/600] SZ000419 通程控股
处理 [79/600] SZ000420 吉林化纤
处理 [80/600] SZ000421 南京公用
处理 [81/600] SZ000422 湖北宜化
处理 [82/600] SZ000423 东阿阿胶
处理 [83/600] SZ000425 徐工机械
处理 [84/600] SZ000426 兴业银锡
DEBUG 启动条件满足: 昨日收盘=52.14 < 昨日MA20=54.94, 今日收盘=53.97 > 今日MA5=51.68
处理 [85/600] SZ000428 华天酒店
处理 [86/600] SZ000429 粤高速Ａ
处理 [87/600] SZ000430 ST张家界
处理 [88/600] SZ000488 ST晨鸣
处理 [89/600] SZ000498 山东路桥
处理 [90/600] SZ000501 武商集团
处理 [91/600] SZ000503 国新健康
处理 [92/600] SZ000504 *ST生物
处理 [93/600] SZ000505 京粮控股
处理 [94/600] SZ000506 招金黄金
处理 [95/600] SZ000507 珠海港
处理 [96/600] SZ000509 华塑控股
处理 [97/600] SZ000510 新金路
处理 [98/600] SZ000513 丽珠集团
处理 [99/600] SZ000514 渝 开 发
处理 [100/600] SZ000516 国际医学
处理 [101/600] SZ000517 荣安地产
处理 [102/600] SZ000518 *ST四环
处理 [103/600] SZ000519 中兵红箭
处理 [104/600] SZ000520 凤凰航运
处理 [105/600] SZ000521 长虹美菱
处理 [106/600] SZ000523 红棉股份
处理 [107/600] SZ000524 岭南控股
处理 [108/600] SZ000525 红太阳
处理 [109/600] SZ000526 学大教育
处理 [110/600] SZ000528 柳    工
处理 [111/600] SZ000529 广弘控股
处理 [112/600] SZ000530 冰山冷热
处理 [113/600] SZ000531 穗恒运Ａ
处理 [114/600] SZ000532 华金资本
处理 [115/600] SZ000533 顺钠股份
处理 [116/600] SZ000534 万泽股份
处理 [117/600] SZ000536 华映科技
处理 [118/600] SZ000537 绿发电力
处理 [119/600] SZ000538 云南白药
处理 [120/600] SZ000539 粤电力Ａ
处理 [121/600] SZ000541 佛山照明
处理 [122/600] SZ000543 皖能电力
处理 [123/600] SZ000544 中原环保
处理 [124/600] SZ000545 金浦钛业
处理 [125/600] SZ000546 金圆股份
处理 [126/600] SZ000547 航天发展
DEBUG 启动条件不满足: 昨日收盘=30.74 < 昨日MA20=29.09? False, 今日收盘=30.79 > 今日MA5=29.51? True
处理 [127/600] SZ000548 湖南投资
处理 [128/600] SZ000550 江铃汽车
处理 [129/600] SZ000551 创元科技
处理 [130/600] SZ000552 甘肃能化
处理 [131/600] SZ000553 安道麦A
处理 [132/600] SZ000554 泰山石油
处理 [133/600] SZ000555 神州信息
处理 [134/600] SZ000557 西部创业
处理 [135/600] SZ000558 天府文旅
处理 [136/600] SZ000559 万向钱潮
处理 [137/600] SZ000560 我爱我家
处理 [138/600] SZ000561 烽火电子
处理 [139/600] SZ000563 陕国投Ａ
处理 [140/600] SZ000564 供销大集
处理 [141/600] SZ000565 渝三峡Ａ
处理 [142/600] SZ000566 海南海药
处理 [143/600] SZ000567 海德股份
处理 [144/600] SZ000568 泸州老窖
处理 [145/600] SZ000570 苏常柴Ａ
处理 [146/600] SZ000571 新大洲A
处理 [147/600] SZ000572 海马汽车
处理 [148/600] SZ000573 粤宏远Ａ
处理 [149/600] SZ000576 甘化科工
处理 [150/600] SZ000581 威孚高科
处理 [151/600] SZ000582 北部湾港
处理 [152/600] SZ000586 汇源通信
处理 [153/600] SZ000589 贵州轮胎
处理 [154/600] SZ000590 古汉医药
处理 [155/600] SZ000591 太阳能
处理 [156/600] SZ000592 平潭发展
DEBUG 启动条件不满足: 昨日收盘=11.05 < 昨日MA20=10.76? False, 今日收盘=11.87 > 今日MA5=11.10? True
处理 [157/600] SZ000593 德龙汇能
处理 [158/600] SZ000595 *ST宝实
处理 [159/600] SZ000596 古井贡酒
处理 [160/600] SZ000597 东北制药
处理 [161/600] SZ000598 兴蓉环境
处理 [162/600] SZ000599 青岛双星
处理 [163/600] SZ000600 建投能源
处理 [164/600] SZ000601 韶能股份
处理 [165/600] SZ000603 盛达资源
处理 [166/600] SZ000605 渤海股份
处理 [167/600] SZ000607 华媒控股
处理 [168/600] SZ000608 *ST阳光
处理 [169/600] SZ000609 ST中迪
处理 [170/600] SZ000610 西安旅游
处理 [171/600] SZ000612 焦作万方
处理 [172/600] SZ000615 *ST美谷
处理 [173/600] SZ000617 中油资本
处理 [174/600] SZ000619 海螺新材
处理 [175/600] SZ000620 盈新发展
处理 [176/600] SZ000623 吉林敖东
处理 [177/600] SZ000625 长安汽车
处理 [178/600] SZ000626 远大控股
处理 [179/600] SZ000628 高新发展
处理 [180/600] SZ000629 钒钛股份
处理 [181/600] SZ000630 铜陵有色
DEBUG 启动条件不满足: 昨日收盘=7.59 < 昨日MA20=7.49? False, 今日收盘=7.87 > 今日MA5=7.55? True
处理 [182/600] SZ000631 顺发恒能
处理 [183/600] SZ000632 三木集团
处理 [184/600] SZ000633 合金投资
处理 [185/600] SZ000635 英 力 特
处理 [186/600] SZ000636 风华高科
DEBUG 启动条件不满足: 昨日收盘=25.73 < 昨日MA20=21.63? False, 今日收盘=25.90 > 今日MA5=24.41? True
处理 [187/600] SZ000637 茂化实华
处理 [188/600] SZ000638 *ST万方
处理 [189/600] SZ000639 西王食品
处理 [190/600] SZ000650 仁和药业
处理 [191/600] SZ000651 格力电器
处理 [192/600] SZ000652 泰达股份
处理 [193/600] SZ000655 金岭矿业
处理 [194/600] SZ000656 *ST金科
处理 [195/600] SZ000657 中钨高新
DEBUG 启动条件不满足: 昨日收盘=60.20 < 昨日MA20=49.90? False, 今日收盘=66.22 > 今日MA5=58.23? True
处理 [196/600] SZ000659 珠海中富
处理 [197/600] SZ000661 长春高新
处理 [198/600] SZ000663 永安林业
处理 [199/600] SZ000665 湖北广电
处理 [200/600] SZ000668 *ST荣控
处理 [201/600] SZ000669 ST金鸿
处理 [202/600] SZ000670 盈方微
处理 [203/600] SZ000672 上峰水泥
处理 [204/600] SZ000676 智度股份
处理 [205/600] SZ000677 恒天海龙
处理 [206/600] SZ000678 襄阳轴承
处理 [207/600] SZ000679 大连友谊
处理 [208/600] SZ000680 山推股份
处理 [209/600] SZ000681 视觉中国
处理 [210/600] SZ000682 东方电子
处理 [211/600] SZ000683 博源化工
处理 [212/600] SZ000685 中山公用
处理 [213/600] SZ000686 东北证券
处理 [214/600] SZ000688 国城矿业
处理 [215/600] SZ000690 宝新能源
处理 [216/600] SZ000691 *ST亚太
处理 [217/600] SZ000692 惠天热电
处理 [218/600] SZ000695 滨海能源
处理 [219/600] SZ000697 ST炼石
处理 [220/600] SZ000698 ST沈化
处理 [221/600] SZ000700 模塑科技
处理 [222/600] SZ000701 厦门信达
处理 [223/600] SZ000702 正虹科技
处理 [224/600] SZ000703 恒逸石化
处理 [225/600] SZ000705 浙江震元
处理 [226/600] SZ000707 双环科技
处理 [227/600] SZ000708 中信特钢
处理 [228/600] SZ000709 河钢股份
处理 [229/600] SZ000710 贝瑞基因
处理 [230/600] SZ000711 ST京蓝
处理 [231/600] SZ000712 锦龙股份
处理 [232/600] SZ000713 国投丰乐
处理 [233/600] SZ000715 中兴商业
处理 [234/600] SZ000716 黑芝麻
处理 [235/600] SZ000717 中南股份
处理 [236/600] SZ000718 苏宁环球
处理 [237/600] SZ000719 中原传媒
处理 [238/600] SZ000720 新能泰山
处理 [239/600] SZ000721 西安饮食
处理 [240/600] SZ000722 湖南发展
处理 [241/600] SZ000723 美锦能源
处理 [242/600] SZ000725 京东方Ａ
处理 [243/600] SZ000726 鲁  泰Ａ
处理 [244/600] SZ000727 冠捷科技
处理 [245/600] SZ000728 国元证券
处理 [246/600] SZ000729 燕京啤酒
处理 [247/600] SZ000731 四川美丰
处理 [248/600] SZ000733 振华科技
处理 [249/600] SZ000735 罗 牛 山
处理 [250/600] SZ000736 *ST中地
处理 [251/600] SZ000737 北方铜业
处理 [252/600] SZ000738 航发控制
处理 [253/600] SZ000739 普洛药业
处理 [254/600] SZ000750 国海证券
处理 [255/600] SZ000751 锌业股份
处理 [256/600] SZ000752 ST西发
处理 [257/600] SZ000753 漳州发展
处理 [258/600] SZ000755 山西高速
处理 [259/600] SZ000756 新华制药
处理 [260/600] SZ000757 浩物股份
处理 [261/600] SZ000758 中色股份
处理 [262/600] SZ000759 中百集团
处理 [263/600] SZ000761 本钢板材
处理 [264/600] SZ000762 西藏矿业
处理 [265/600] SZ000766 通化金马
处理 [266/600] SZ000767 晋控电力
处理 [267/600] SZ000768 中航西飞
处理 [268/600] SZ000776 广发证券
处理 [269/600] SZ000777 中核科技
处理 [270/600] SZ000778 新兴铸管
处理 [271/600] SZ000779 甘咨询
处理 [272/600] SZ000782 恒申新材
处理 [273/600] SZ000783 长江证券
处理 [274/600] SZ000785 居然智家
处理 [275/600] SZ000786 北新建材
处理 [276/600] SZ000788 北大医药
处理 [277/600] SZ000789 万年青
处理 [278/600] SZ000790 华神科技
处理 [279/600] SZ000791 甘肃能源
处理 [280/600] SZ000792 盐湖股份
DEBUG 启动条件不满足: 昨日收盘=39.01 < 昨日MA20=34.23? False, 今日收盘=37.94 > 今日MA5=36.49? True
已处理 280 只，当前发现 1 只候选股
处理 [281/600] SZ000793 ST华闻
处理 [282/600] SZ000795 英洛华
处理 [283/600] SZ000796 凯撒旅业
处理 [284/600] SZ000797 中国武夷
处理 [285/600] SZ000798 中水渔业
处理 [286/600] SZ000799 酒鬼酒
处理 [287/600] SZ000800 一汽解放
处理 [288/600] SZ000801 四川九洲
处理 [289/600] SZ000802 北京文化
处理 [290/600] SZ000803 山高环能
处理 [291/600] SZ000807 云铝股份
处理 [292/600] SZ000809 和展能源
处理 [293/600] SZ000810 创维数字
处理 [294/600] SZ000811 冰轮环境
处理 [295/600] SZ000812 陕西金叶
处理 [296/600] SZ000813 德展健康
处理 [297/600] SZ000815 美利云
处理 [298/600] SZ000816 智慧农业
处理 [299/600] SZ000818 航锦科技
处理 [300/600] SZ000819 岳阳兴长
处理 [301/600] SZ000820 *ST节能
处理 [302/600] SZ000821 ST京机
处理 [303/600] SZ000822 山东海化
处理 [304/600] SZ000823 超声电子
处理 [305/600] SZ000825 太钢不锈
处理 [306/600] SZ000826 启迪环境
处理 [307/600] SZ000828 东莞控股
处理 [308/600] SZ000829 天音控股
处理 [309/600] SZ000830 鲁西化工
处理 [310/600] SZ000831 中国稀土
DEBUG 启动条件不满足: 昨日收盘=60.33 < 昨日MA20=55.87? False, 今日收盘=63.85 > 今日MA5=60.10? True
处理 [311/600] SZ000833 粤桂股份
处理 [312/600] SZ000837 秦川机床
处理 [313/600] SZ000838 财信发展
处理 [314/600] SZ000839 国安股份
处理 [315/600] SZ000848 承德露露
处理 [316/600] SZ000850 华茂股份
处理 [317/600] SZ000852 石化机械
处理 [318/600] SZ000856 冀东装备
处理 [319/600] SZ000858 五 粮 液
处理 [320/600] SZ000859 国风新材
处理 [321/600] SZ000860 顺鑫农业
处理 [322/600] SZ000862 银星能源
处理 [323/600] SZ000863 三湘印象
处理 [324/600] SZ000868 安凯客车
处理 [325/600] SZ000869 张  裕Ａ
处理 [326/600] SZ000875 电投绿能
处理 [327/600] SZ000876 新 希 望
处理 [328/600] SZ000877 天山股份
处理 [329/600] SZ000878 云南铜业
处理 [330/600] SZ000880 潍柴重机
处理 [331/600] SZ000881 中广核技
处理 [332/600] SZ000882 华联股份
处理 [333/600] SZ000883 湖北能源
处理 [334/600] SZ000885 城发环境
处理 [335/600] SZ000886 海南高速
处理 [336/600] SZ000887 中鼎股份
处理 [337/600] SZ000888 峨眉山Ａ
处理 [338/600] SZ000889 中嘉博创
处理 [339/600] SZ000890 法尔胜
处理 [340/600] SZ000892 欢瑞世纪
处理 [341/600] SZ000893 亚钾国际
处理 [342/600] SZ000895 双汇发展
处理 [343/600] SZ000897 津滨发展
处理 [344/600] SZ000898 鞍钢股份
处理 [345/600] SZ000899 赣能股份
处理 [346/600] SZ000900 现代投资
处理 [347/600] SZ000901 航天科技
处理 [348/600] SZ000902 新洋丰
处理 [349/600] SZ000903 ST云动
处理 [350/600] SZ000905 厦门港务
处理 [351/600] SZ000906 浙商中拓
处理 [352/600] SZ000908 *ST景峰
处理 [353/600] SZ000909 ST数源
处理 [354/600] SZ000910 大亚圣象
处理 [355/600] SZ000911 广农糖业
处理 [356/600] SZ000912 泸天化
处理 [357/600] SZ000913 钱江摩托
处理 [358/600] SZ000915 华特达因
处理 [359/600] SZ000917 电广传媒
处理 [360/600] SZ000919 金陵药业
处理 [361/600] SZ000920 沃顿科技
处理 [362/600] SZ000921 海信家电
处理 [363/600] SZ000922 佳电股份
处理 [364/600] SZ000923 河钢资源
处理 [365/600] SZ000925 众合科技
处理 [366/600] SZ000926 福星股份
处理 [367/600] SZ000927 中国铁物
处理 [368/600] SZ000928 中钢国际
处理 [369/600] SZ000929 *ST兰黄
处理 [370/600] SZ000930 中粮科技
处理 [371/600] SZ000931 中 关 村
处理 [372/600] SZ000932 华菱钢铁
处理 [373/600] SZ000933 神火股份
处理 [374/600] SZ000935 四川双马
处理 [375/600] SZ000936 华西股份
处理 [376/600] SZ000937 冀中能源
处理 [377/600] SZ000938 紫光股份
处理 [378/600] SZ000948 南天信息
处理 [379/600] SZ000949 新乡化纤
处理 [380/600] SZ000950 重药控股
处理 [381/600] SZ000951 中国重汽
处理 [382/600] SZ000952 广济药业
处理 [383/600] SZ000953 河化股份
处理 [384/600] SZ000955 欣龙控股
处理 [385/600] SZ000957 中通客车
处理 [386/600] SZ000958 电投产融
处理 [387/600] SZ000959 首钢股份
处理 [388/600] SZ000960 锡业股份
DEBUG 启动条件不满足: 昨日收盘=40.33 < 昨日MA20=39.09? False, 今日收盘=44.36 > 今日MA5=39.56? True
处理 [389/600] SZ000962 东方钽业
处理 [390/600] SZ000963 华东医药
处理 [391/600] SZ000965 天保基建
处理 [392/600] SZ000966 长源电力
处理 [393/600] SZ000967 盈峰环境
处理 [394/600] SZ000968 蓝焰控股
处理 [395/600] SZ000969 安泰科技
处理 [396/600] SZ000970 中科三环
处理 [397/600] SZ000972 *ST中基
处理 [398/600] SZ000973 佛塑科技
处理 [399/600] SZ000975 山金国际
处理 [400/600] SZ000977 浪潮信息
DEBUG 启动条件不满足: 昨日收盘=63.07 < 昨日MA20=62.76? False, 今日收盘=63.90 > 今日MA5=63.65? True
已处理 400 只，当前发现 1 只候选股
处理 [401/600] SZ000978 桂林旅游
处理 [402/600] SZ000980 众泰汽车
处理 [403/600] SZ000981 山子高科
处理 [404/600] SZ000983 山西焦煤
处理 [405/600] SZ000985 大庆华科
处理 [406/600] SZ000987 越秀资本
处理 [407/600] SZ000988 华工科技
DEBUG 启动条件不满足: 昨日收盘=88.55 < 昨日MA20=78.02? False, 今日收盘=89.58 > 今日MA5=84.32? True
处理 [408/600] SZ000989 九芝堂
处理 [409/600] SZ000990 诚志股份
处理 [410/600] SZ000993 闽东电力
处理 [411/600] SZ000995 皇台酒业
处理 [412/600] SZ000997 新 大 陆
处理 [413/600] SZ000998 隆平高科
处理 [414/600] SZ000999 华润三九
处理 [415/600] SZ001201 东瑞股份
处理 [416/600] SZ001202 炬申股份
处理 [417/600] SZ001203 大中矿业
处理 [418/600] SZ001205 盛航股份
处理 [419/600] SZ001206 依依股份
处理 [420/600] SZ001207 联科科技
处理 [421/600] SZ001208 华菱线缆
处理 [422/600] SZ001209 洪兴股份
处理 [423/600] SZ001210 金房能源
处理 [424/600] SZ001211 双枪科技
处理 [425/600] SZ001212 中旗新材
处理 [426/600] SZ001213 中铁特货
处理 [427/600] SZ001215 千味央厨
处理 [428/600] SZ001216 华瓷股份
处理 [429/600] SZ001217 华尔泰
处理 [430/600] SZ001218 丽臣实业
处理 [431/600] SZ001219 青岛食品
处理 [432/600] SZ001220 世盟股份
处理 [433/600] SZ001221 悍高集团
处理 [434/600] SZ001222 源飞宠物
处理 [435/600] SZ001223 欧克科技
处理 [436/600] SZ001225 和泰机电
处理 [437/600] SZ001226 拓山重工
处理 [438/600] SZ001227 兰州银行
处理 [439/600] SZ001228 永泰运
处理 [440/600] SZ001229 魅视科技
处理 [441/600] SZ001230 劲旅环境
处理 [442/600] SZ001231 农心科技
处理 [443/600] SZ001233 海安集团
处理 [444/600] SZ001234 泰慕士
处理 [445/600] SZ001236 弘业期货
处理 [446/600] SZ001238 浙江正特
处理 [447/600] SZ001239 永达股份
处理 [448/600] SZ001255 博菲电气
处理 [449/600] SZ001256 炜冈科技
处理 [450/600] SZ001258 立新能源
处理 [451/600] SZ001259 利仁科技
处理 [452/600] SZ001260 坤泰股份
处理 [453/600] SZ001266 宏英智能
处理 [454/600] SZ001267 汇绿生态
处理 [455/600] SZ001268 联合精密
处理 [456/600] SZ001269 欧晶科技
处理 [457/600] SZ001270 *ST铖昌
处理 [458/600] SZ001277 速达股份
处理 [459/600] SZ001278 一彬科技
处理 [460/600] SZ001279 强邦新材
处理 [461/600] SZ001280 中国铀业
处理 [462/600] SZ001282 三联锻造
处理 [463/600] SZ001283 豪鹏科技
处理 [464/600] SZ001285 瑞立科密
处理 [465/600] SZ001286 陕西能源
处理 [466/600] SZ001287 中电港
处理 [467/600] SZ001288 运机集团
处理 [468/600] SZ001289 龙源电力
处理 [469/600] SZ001296 长江材料
处理 [470/600] SZ001298 好上好
处理 [471/600] SZ001299 美能能源
处理 [472/600] SZ001300 三柏硕
处理 [473/600] SZ001301 尚太科技
处理 [474/600] SZ001306 夏厦精密
处理 [475/600] SZ001308 康冠科技
处理 [476/600] SZ001309 德明利
处理 [477/600] SZ001311 多利科技
处理 [478/600] SZ001313 粤海饲料
处理 [479/600] SZ001314 亿道信息
处理 [480/600] SZ001316 润贝航科
处理 [481/600] SZ001317 三羊马
处理 [482/600] SZ001318 阳光乳业
处理 [483/600] SZ001319 铭科精技
处理 [484/600] SZ001322 箭牌家居
处理 [485/600] SZ001323 慕思股份
处理 [486/600] SZ001324 长青科技
处理 [487/600] SZ001325 元创股份
处理 [488/600] SZ001326 联域股份
处理 [489/600] SZ001328 登康口腔
处理 [490/600] SZ001330 博纳影业
处理 [491/600] SZ001331 胜通能源
处理 [492/600] SZ001332 锡装股份
处理 [493/600] SZ001333 光华股份
处理 [494/600] SZ001335 信凯科技
处理 [495/600] SZ001336 楚环科技
处理 [496/600] SZ001337 四川黄金
处理 [497/600] SZ001338 永顺泰
处理 [498/600] SZ001339 智微智能
处理 [499/600] SZ001356 富岭股份
处理 [500/600] SZ001358 兴欣新材
处理 [501/600] SZ001359 平安电工
处理 [502/600] SZ001360 南矿集团
处理 [503/600] SZ001366 播恩集团
处理 [504/600] SZ001367 海森药业
处理 [505/600] SZ001368 通达创智
处理 [506/600] SZ001369 双欣环保
处理 [507/600] SZ001373 翔腾新材
处理 [508/600] SZ001376 百通能源
处理 [509/600] SZ001378 德冠新材
处理 [510/600] SZ001379 腾达科技
处理 [511/600] SZ001380 华纬科技
处理 [512/600] SZ001382 新亚电缆
处理 [513/600] SZ001386 马可波罗
处理 [514/600] SZ001387 雪祺电气
处理 [515/600] SZ001388 信通电子
处理 [516/600] SZ001389 广合科技
处理 [517/600] SZ001390 古麒绒材
处理 [518/600] SZ001391 国货航
处理 [519/600] SZ001395 亚联机械
处理 [520/600] SZ001396 誉帆科技
处理 [521/600] SZ001400 江顺科技
处理 [522/600] SZ001696 宗申动力
处理 [523/600] SZ001872 招商港口
处理 [524/600] SZ001896 豫能控股
处理 [525/600] SZ001914 招商积余
处理 [526/600] SZ001965 招商公路
处理 [527/600] SZ001979 招商蛇口
处理 [528/600] SZ002001 新 和 成
处理 [529/600] SZ002003 伟星股份
处理 [530/600] SZ002004 华邦健康
处理 [531/600] SZ002005 ST德豪
处理 [532/600] SZ002006 精工科技
处理 [533/600] SZ002007 华兰生物
处理 [534/600] SZ002008 大族激光
DEBUG 启动条件不满足: 昨日收盘=69.72 < 昨日MA20=52.54? False, 今日收盘=72.04 > 今日MA5=63.69? True
处理 [535/600] SZ002009 天奇股份
处理 [536/600] SZ002010 传化智联
处理 [537/600] SZ002011 盾安环境
处理 [538/600] SZ002012 凯恩股份
处理 [539/600] SZ002014 永新股份
处理 [540/600] SZ002015 协鑫能科
处理 [541/600] SZ002016 世荣兆业
处理 [542/600] SZ002017 东信和平
处理 [543/600] SZ002019 亿帆医药
处理 [544/600] SZ002020 京新药业
处理 [545/600] SZ002021 中捷资源
处理 [546/600] SZ002022 科华生物
处理 [547/600] SZ002023 海特高新
处理 [548/600] SZ002024 ST易购
处理 [549/600] SZ002025 航天电器
处理 [550/600] SZ002026 山东威达
处理 [551/600] SZ002027 分众传媒
处理 [552/600] SZ002028 思源电气
DEBUG 启动条件不满足: 昨日收盘=227.32 < 昨日MA20=200.66? False, 今日收盘=213.66 > 今日MA5=220.32? False
处理 [553/600] SZ002029 七 匹 狼
处理 [554/600] SZ002030 达安基因
处理 [555/600] SZ002031 巨轮智能
处理 [556/600] SZ002032 苏 泊 尔
处理 [557/600] SZ002033 丽江股份
处理 [558/600] SZ002034 旺能环境
处理 [559/600] SZ002035 华帝股份
处理 [560/600] SZ002036 联创电子
处理 [561/600] SZ002037 保利联合
处理 [562/600] SZ002038 双鹭药业
处理 [563/600] SZ002039 黔源电力
处理 [564/600] SZ002040 南 京 港
处理 [565/600] SZ002041 登海种业
处理 [566/600] SZ002042 华孚时尚
处理 [567/600] SZ002043 兔 宝 宝
处理 [568/600] SZ002044 美年健康
处理 [569/600] SZ002045 国光电器
处理 [570/600] SZ002046 国机精工
处理 [571/600] SZ002047 *ST宝鹰
处理 [572/600] SZ002048 宁波华翔
处理 [573/600] SZ002049 紫光国微
处理 [574/600] SZ002050 三花智控
DEBUG 启动条件不满足: 昨日收盘=51.94 < 昨日MA20=52.13? True, 今日收盘=51.16 > 今日MA5=52.29? False
处理 [575/600] SZ002051 中工国际
处理 [576/600] SZ002052 同洲电子
处理 [577/600] SZ002053 云南能投
处理 [578/600] SZ002054 德美化工
处理 [579/600] SZ002055 ST得润
处理 [580/600] SZ002056 横店东磁
处理 [581/600] SZ002057 中钢天源
处理 [582/600] SZ002058 *ST威尔
处理 [583/600] SZ002059 云南旅游
处理 [584/600] SZ002060 广东建工
处理 [585/600] SZ002061 浙江交科
处理 [586/600] SZ002062 宏润建设
处理 [587/600] SZ002063 远光软件
处理 [588/600] SZ002064 华峰化学
处理 [589/600] SZ002065 东华软件
处理 [590/600] SZ002066 瑞泰科技
处理 [591/600] SZ002067 景兴纸业
处理 [592/600] SZ002068 黑猫股份
处理 [593/600] SZ002069 獐子岛
处理 [594/600] SZ002072 凯瑞德
处理 [595/600] SZ002073 软控股份
处理 [596/600] SZ002074 国轩高科
处理 [597/600] SZ002075 沙钢股份
处理 [598/600] SZ002076 *ST星光
处理 [599/600] SZ002077 大港股份
处理 [600/600] SZ002078 太阳纸业

============================================================
今日全市场右侧趋势候选（共1只）
============================================================
1️⃣ SZ000426 兴业银锡
   信号：7条件策略
   趋势评分：63.00
   距20MA：-1.89%
   形态描述：评分63分(潜力股) - 趋势30/启动25/资金3/安全5
   最新价：53.97  回撤：27.82%

结果已保存至 a_right_side_candidates_20260227.csv，共1只候选股
